2025-02-05 15:02:21,820 - INFO - Logging is successfully set up!
2025-02-05 15:02:21,820 - INFO - Starting the application
2025-02-05 15:02:21,829 - INFO - Created QApplication instance
2025-02-05 15:02:22,241 - INFO - Running populate_combo_boxes
2025-02-05 15:02:22,356 - INFO - Created QApplication instance
2025-02-05 15:04:12,065 - INFO - Logging is successfully set up!
2025-02-05 15:04:12,066 - INFO - Starting the application
2025-02-05 15:04:12,073 - INFO - Created QApplication instance
2025-02-05 15:04:12,482 - INFO - Running populate_combo_boxes
2025-02-05 15:04:12,607 - INFO - Created QApplication instance
2025-02-05 15:05:29,540 - INFO - Logging is successfully set up!
2025-02-05 15:05:29,540 - INFO - Starting the application
2025-02-05 15:05:29,551 - INFO - Created QApplication instance
2025-02-05 15:05:29,995 - INFO - Running populate_combo_boxes
2025-02-05 15:05:30,110 - INFO - Created QApplication instance
2025-02-05 15:08:24,963 - INFO - Logging is successfully set up!
2025-02-05 15:08:24,963 - INFO - Starting the application
2025-02-05 15:08:24,972 - INFO - Created QApplication instance
2025-02-05 15:08:25,385 - INFO - Running populate_combo_boxes
2025-02-05 15:08:25,515 - INFO - Created QApplication instance
2025-02-05 15:12:11,613 - INFO - Logging is successfully set up!
2025-02-05 15:12:11,613 - INFO - Starting the application
2025-02-05 15:12:11,623 - INFO - Created QApplication instance
2025-02-05 15:12:12,042 - INFO - Running populate_combo_boxes
2025-02-05 15:12:12,173 - INFO - Created QApplication instance
2025-02-05 17:33:38,469 - INFO - Logging is successfully set up!
2025-02-05 17:33:38,469 - INFO - Starting the application
2025-02-05 17:33:38,517 - INFO - Created QApplication instance
2025-02-05 17:33:39,171 - INFO - Running populate_combo_boxes
2025-02-05 17:33:40,280 - INFO - Created QApplication instance
2025-02-05 17:40:36,667 - INFO - Logging is successfully set up!
2025-02-05 17:40:36,667 - INFO - Starting the application
2025-02-05 17:40:36,670 - INFO - Created QApplication instance
2025-02-05 17:40:37,081 - INFO - Running populate_combo_boxes
2025-02-05 17:40:37,171 - INFO - Created QApplication instance
2025-02-05 17:42:23,017 - INFO - Logging is successfully set up!
2025-02-05 17:42:23,017 - INFO - Starting the application
2025-02-05 17:42:23,039 - INFO - Created QApplication instance
2025-02-05 17:42:23,444 - INFO - Running populate_combo_boxes
2025-02-05 17:42:23,544 - INFO - Created QApplication instance
2025-02-05 17:43:39,040 - INFO - Logging is successfully set up!
2025-02-05 17:43:39,040 - INFO - Starting the application
2025-02-05 17:43:39,059 - INFO - Created QApplication instance
2025-02-05 17:43:39,479 - INFO - Running populate_combo_boxes
2025-02-05 17:43:39,601 - INFO - Created QApplication instance
2025-02-05 17:48:49,795 - INFO - Logging is successfully set up!
2025-02-05 17:48:49,795 - INFO - Starting the application
2025-02-05 17:48:49,807 - INFO - Created QApplication instance
2025-02-05 17:48:50,234 - INFO - Running populate_combo_boxes
2025-02-05 17:48:50,349 - INFO - Created QApplication instance
2025-02-05 17:51:21,277 - INFO - Logging is successfully set up!
2025-02-05 17:51:21,277 - INFO - Starting the application
2025-02-05 17:51:21,294 - INFO - Created QApplication instance
2025-02-05 17:51:21,703 - INFO - Running populate_combo_boxes
2025-02-05 17:51:21,787 - INFO - Created QApplication instance
2025-02-05 17:59:44,675 - INFO - Logging is successfully set up!
2025-02-05 17:59:44,675 - INFO - Starting the application
2025-02-05 17:59:44,675 - INFO - Created QApplication instance
2025-02-05 17:59:45,109 - INFO - Running populate_combo_boxes
2025-02-05 17:59:45,208 - INFO - Created QApplication instance
2025-02-05 18:02:48,007 - INFO - Logging is successfully set up!
2025-02-05 18:02:48,007 - INFO - Starting the application
2025-02-05 18:02:48,007 - INFO - Created QApplication instance
2025-02-05 18:02:48,416 - INFO - Running populate_combo_boxes
2025-02-05 18:02:48,518 - INFO - Created QApplication instance
2025-02-05 18:05:08,736 - INFO - Logging is successfully set up!
2025-02-05 18:05:08,736 - INFO - Starting the application
2025-02-05 18:05:08,752 - INFO - Created QApplication instance
2025-02-05 18:05:09,166 - INFO - Running populate_combo_boxes
2025-02-05 18:05:09,276 - INFO - Created QApplication instance
2025-02-05 18:08:20,221 - INFO - Logging is successfully set up!
2025-02-05 18:08:20,221 - INFO - Starting the application
2025-02-05 18:08:20,237 - INFO - Created QApplication instance
2025-02-05 18:08:20,655 - INFO - Running populate_combo_boxes
2025-02-05 18:08:20,781 - INFO - Created QApplication instance
2025-02-05 18:09:38,363 - INFO - Logging is successfully set up!
2025-02-05 18:09:38,363 - INFO - Starting the application
2025-02-05 18:09:38,379 - INFO - Created QApplication instance
2025-02-05 18:09:38,789 - INFO - Running populate_combo_boxes
2025-02-05 18:09:38,882 - INFO - Created QApplication instance
2025-02-05 18:16:01,199 - INFO - Logging is successfully set up!
2025-02-05 18:16:01,201 - INFO - Starting the application
2025-02-05 18:16:01,210 - INFO - Created QApplication instance
2025-02-05 18:16:01,633 - INFO - Running populate_combo_boxes
2025-02-05 18:16:01,767 - INFO - Created QApplication instance
2025-02-05 18:17:31,756 - INFO - Logging is successfully set up!
2025-02-05 18:17:31,756 - INFO - Starting the application
2025-02-05 18:17:31,771 - INFO - Created QApplication instance
2025-02-05 18:17:32,180 - INFO - Running populate_combo_boxes
2025-02-05 18:17:32,282 - INFO - Created QApplication instance
2025-11-05 18:20:31,160 - INFO - Updating folders for path: 
2025-11-05 18:20:31,161 - INFO - Found 0 folders.
2025-11-05 18:20:31,161 - INFO - Updating folders for path: C:\
2025-11-05 18:20:40,838 - INFO - Found 45731 folders.
2025-11-05 18:21:05,369 - INFO - Updating folders for path: 
2025-11-05 18:21:05,369 - INFO - Found 0 folders.
2025-11-05 18:21:05,370 - INFO - Updating folders for path: C:\
2025-11-05 18:21:14,030 - INFO - Found 45731 folders.
2025-11-05 18:25:58,235 - INFO - Updating folders for path: 
2025-11-05 18:25:58,237 - INFO - Updating folders for path: C:\
2025-11-05 18:29:03,830 - INFO - Updating folders for path: 
2025-11-05 18:29:04,029 - INFO - Found 0 folders.
2025-11-05 18:33:27,402 - INFO - Updating folders for path: 
2025-11-05 18:33:27,601 - INFO - Found 0 folders.
2025-11-06 10:26:32,633 - ERROR - QML FAILED to load
2025-11-06 11:01:12,565 - ERROR - QML FAILED to load
2025-11-06 15:01:56,646 - INFO - Updating folders for path: W:\Collection
2025-11-06 15:01:56,772 - INFO - Found 25 folders.
2025-11-06 15:22:38,439 - INFO - Updating folders for path: W:\Collection
2025-11-06 15:22:38,504 - INFO - Found 25 folders.
2025-11-06 15:48:02,395 - INFO - Updating folders for path: W:\Collection
2025-11-06 15:48:02,441 - INFO - Found 25 folders.
2025-11-06 15:49:33,609 - ERROR - QML FAILED to load
2025-11-06 15:51:42,799 - ERROR - QML FAILED to load
2025-11-06 15:52:50,067 - ERROR - QML FAILED to load
2025-11-06 17:20:08,497 - ERROR - QML FAILED to load
2025-11-06 18:06:22,862 - ERROR - QML FAILED to load
2025-11-06 18:21:42,545 - ERROR - QML FAILED to load
2025-11-06 18:23:13,275 - ERROR - QML FAILED to load
2025-11-06 18:23:49,832 - ERROR - QML FAILED to load
2025-11-06 18:28:01,784 - ERROR - QML FAILED to load
2025-11-07 15:45:35,533 - ERROR - An unhandled exception occurred:
Traceback (most recent call last):
  File "D:\PythonMusic\pythonproject2026\behindTheScenes\music-new\sandbox\MediaPlayerPy\Framework.py", line 66, in <module>
    for lib in myLibrary:
TypeError: 'bool' object is not iterable
2025-11-07 17:30:20,362 - ERROR - QML FAILED to load
2025-11-08 10:54:37,046 - INFO - Updating folders for path: W:\Collection
2025-11-08 10:54:37,102 - INFO - Found 25 folders.
2025-11-08 11:16:30,106 - INFO - Updating folders for path: W:\Collection
2025-11-08 11:16:30,168 - INFO - Found 25 folders.
2025-11-08 11:50:03,278 - INFO - Updating folders for path: W:\Collection
2025-11-08 11:50:03,341 - INFO - Found 25 folders.
2025-11-08 11:54:00,358 - INFO - Updating folders for path: W:\Collection
2025-11-08 11:54:00,416 - INFO - Found 25 folders.
2025-11-08 12:00:36,164 - INFO - Updating folders for path: W:\Collection
2025-11-08 12:00:36,206 - INFO - Found 25 folders.
2025-11-08 13:25:45,483 - INFO - Updating folders for path: W:\Collection
2025-11-08 13:25:45,528 - INFO - Found 25 folders.
2025-11-08 13:32:34,722 - INFO - Updating folders for path: W:\Collection
2025-11-08 13:32:34,774 - INFO - Found 25 folders.
2025-11-08 14:20:51,541 - INFO - Updating folders for path: W:\Collection
2025-11-08 14:20:51,601 - INFO - Found 25 folders.
2025-11-08 14:26:26,662 - INFO - Updating folders for path: W:\Collection
2025-11-08 14:26:26,722 - INFO - Found 25 folders.
2025-11-08 15:06:49,443 - INFO - Updating folders for path: W:\Collection
2025-11-08 15:06:49,512 - INFO - Found 25 folders.
2025-11-08 16:36:47,372 - INFO - Updating folders for path: W:\Collection
2025-11-08 16:36:47,416 - INFO - Found 25 folders.
2025-11-08 16:45:11,257 - ERROR - An unhandled exception occurred:
Traceback (most recent call last):
  File "D:\PythonMusic\pythonproject2026\behindTheScenes\music-new\sandbox\MediaPlayerPy\Framework.py", line 75, in <module>
    get_subfolder_names_test()
TypeError: get_subfolder_names_test() missing 1 required positional argument: 'path'
2025-11-08 16:45:27,281 - ERROR - An unhandled exception occurred:
Traceback (most recent call last):
  File "D:\PythonMusic\pythonproject2026\behindTheScenes\music-new\sandbox\MediaPlayerPy\Framework.py", line 75, in <module>
    get_subfolder_names_test()
TypeError: get_subfolder_names_test() missing 1 required positional argument: 'path'
2025-11-08 16:47:42,785 - ERROR - An unhandled exception occurred:
Traceback (most recent call last):
  File "D:\PythonMusic\pythonproject2026\behindTheScenes\music-new\sandbox\MediaPlayerPy\Framework.py", line 75, in <module>
    get_subfolder_names_test()
TypeError: get_subfolder_names_test() missing 1 required positional argument: 'path'
2025-11-08 16:48:28,597 - ERROR - An unhandled exception occurred:
Traceback (most recent call last):
  File "D:\PythonMusic\pythonproject2026\behindTheScenes\music-new\sandbox\MediaPlayerPy\Framework.py", line 75, in <module>
    get_subfolder_names_test()
TypeError: get_subfolder_names_test() missing 1 required positional argument: 'path'
2025-11-08 16:49:06,203 - ERROR - An unhandled exception occurred:
Traceback (most recent call last):
  File "D:\PythonMusic\pythonproject2026\behindTheScenes\music-new\sandbox\MediaPlayerPy\Framework.py", line 75, in <module>
    get_subfolder_names_test()
TypeError: get_subfolder_names_test() missing 1 required positional argument: 'path'
2025-11-08 16:54:02,834 - INFO - Updating folders for path: W:\Collection
2025-11-08 16:54:02,886 - INFO - Found 25 folders.
2025-11-08 16:58:20,713 - INFO - Updating folders for path: W:\Collection
2025-11-08 16:58:20,759 - INFO - Found 25 folders.
2025-11-08 17:01:23,302 - INFO - Updating folders for path: W:\Collection
2025-11-08 17:01:23,367 - INFO - Found 25 folders.
2025-11-08 17:06:17,228 - INFO - Updating folders for path: W:\Collection
2025-11-08 17:06:17,271 - INFO - Found 25 folders.
2025-11-08 17:07:58,978 - INFO - Updating folders for path: W:\Collection
2025-11-08 17:07:59,021 - INFO - Found 25 folders.
